#0 building with "default" instance using docker driver

#1 [whisper-service internal] load build definition from Dockerfile
#1 transferring dockerfile: 1.05kB 0.0s done
#1 DONE 0.1s

#2 [whisper-service internal] load metadata for docker.io/library/python:3.10-slim
#2 ...

#3 [whisper-service auth] library/python:pull token for registry-1.docker.io
#3 DONE 0.0s

#2 [whisper-service internal] load metadata for docker.io/library/python:3.10-slim
#2 DONE 3.0s

#4 [whisper-service internal] load .dockerignore
#4 transferring context: 2B 0.0s done
#4 DONE 0.1s

#5 [whisper-service 1/8] FROM docker.io/library/python:3.10-slim@sha256:420fbb0e468d3eaf0f7e93ea6f7a48792cbcadc39d43ac95b96bee2afe4367da
#5 DONE 0.0s

#6 [whisper-service internal] load build context
#6 transferring context: 65B done
#6 DONE 0.1s

#7 [whisper-service 6/8] RUN pip install --no-cache-dir -r requirements.txt
#7 CACHED

#8 [whisper-service 7/8] COPY main.py /app/main.py
#8 CACHED

#9 [whisper-service 2/8] WORKDIR /app
#9 CACHED

#10 [whisper-service 3/8] RUN apt-get update && apt-get install -y     ffmpeg     git     curl     && rm -rf /var/lib/apt/lists/*
#10 CACHED

#11 [whisper-service 4/8] RUN pip install --no-cache-dir --upgrade pip
#11 CACHED

#12 [whisper-service 5/8] COPY requirements.txt /app/requirements.txt
#12 CACHED

#13 [whisper-service 8/8] RUN python3 -c "import whisper; whisper.load_model('base')"
#13 CACHED

#14 [whisper-service] exporting to image
#14 exporting layers done
#14 writing image sha256:19839544c5de4915b2489979c57d0933e471bead7d56de1fc905fdff67256a11 0.0s done
#14 naming to docker.io/library/whisper-whisper-service 0.0s done
#14 DONE 0.1s

#15 [whisper-service] resolving provenance for metadata file
#15 DONE 0.1s
 Network whisper_default  Creating
 Network whisper_default  Created
 Container whisper-transcription-service  Creating
 Container whisper-transcription-service  Created
 Container whisper-transcription-service  Starting
 Container whisper-transcription-service  Started
